<?xml version="1.0" encoding="UTF-8"?>
<!-- Generated by org.testng.reporters.JUnitXMLReporter -->
<testsuite ignored="0" hostname="LQA-SIRAJMUN" failures="2" tests="5" name="sample Smoke Test" time="122.694" errors="0" timestamp="2023-03-30T16:16:08 PKT">
  <testcase classname="tests.SauceLabTests" name="loginWithMultipleUsernamePassword" time="23.84"/>
  <testcase classname="tests.SauceLabTests" name="loginWithMultipleUsernamePassword" time="23.74"/>
  <testcase classname="tests.SauceLabTests" name="loginWithMultipleUsernamePassword" time="23.218"/>
  <testcase classname="tests.SauceLabTests" name="loginWithValidUsernamePassword" time="23.251">
    <failure type="java.lang.AssertionError" message="expected [Sauceeee Labs Backpack] but found [Sauce Labs Backpack]">
      <![CDATA[java.lang.AssertionError: expected [Sauceeee Labs Backpack] but found [Sauce Labs Backpack]
at tests.SauceLabTests.loginWithValidUsernamePassword(SauceLabTests.java:22)
at java.base/java.util.ArrayList.forEach(ArrayList.java:1511)
... Removed 37 stack frames]]>
    </failure>
  </testcase> <!-- loginWithValidUsernamePassword -->
  <testcase classname="tests.GoogleSearchTests" name="searchTest" time="0.045">
    <failure type="java.lang.AssertionError" message="expected [Google] but found [data:,]">
      <![CDATA[java.lang.AssertionError: expected [Google] but found [data:,]
at tests.GoogleSearchTests.searchTest(GoogleSearchTests.java:11)
at java.base/java.util.ArrayList.forEach(ArrayList.java:1511)
... Removed 37 stack frames]]>
    </failure>
  </testcase> <!-- searchTest -->
</testsuite> <!-- sample Smoke Test -->
